# JRE version: Java(TM) SE Runtime Environment (8.0_231-b11) (build 1.8.0_231-b11)
# Java VM: Java HotSpot(TM) 64-Bit Server VM (25.231-b11 mixed mode linux-amd64 compressed oops)
Heap:
 PSYoungGen      total 74240K, used 6114K [0x00000000f5c00000, 0x00000000fab00000, 0x0000000100000000)
  eden space 68096K, 0% used [0x00000000f5c00000,0x00000000f5c00000,0x00000000f9e80000)
  from space 6144K, 99% used [0x00000000f9e80000,0x00000000fa478888,0x00000000fa480000)
  to   space 5632K, 0% used [0x00000000fa480000,0x00000000fa480000,0x00000000faa00000)
 ParOldGen       total 22016K, used 10339K [0x00000000e1400000, 0x00000000e2980000, 0x00000000f5c00000)
  object space 22016K, 46% used [0x00000000e1400000,0x00000000e1e18d90,0x00000000e2980000)
 Metaspace       used 20552K, capacity 21016K, committed 21120K, reserved 1067008K
  class space    used 2497K, capacity 2613K, committed 2688K, reserved 1048576K
GC Heap History (10 events):
Event: 1,823 GC heap after
Heap after GC invocations=4 (full 0):
 PSYoungGen      total 18432K, used 1020K [0x00000000f5c00000, 0x00000000f6f00000, 0x0000000100000000)
  eden space 17408K, 0% used [0x00000000f5c00000,0x00000000f5c00000,0x00000000f6d00000)
  from space 1024K, 99% used [0x00000000f6e00000,0x00000000f6eff220,0x00000000f6f00000)
  to   space 1024K, 0% used [0x00000000f6d00000,0x00000000f6d00000,0x00000000f6e00000)
 ParOldGen       total 22016K, used 4093K [0x00000000e1400000, 0x00000000e2980000, 0x00000000f5c00000)
  object space 22016K, 18% used [0x00000000e1400000,0x00000000e17ff520,0x00000000e2980000)
 Metaspace       used 8804K, capacity 8936K, committed 9088K, reserved 1056768K
  class space    used 1066K, capacity 1148K, committed 1152K, reserved 1048576K
}
Event: 2,126 GC heap before
{Heap before GC invocations=5 (full 0):
 PSYoungGen      total 18432K, used 18428K [0x00000000f5c00000, 0x00000000f6f00000, 0x0000000100000000)
  eden space 17408K, 100% used [0x00000000f5c00000,0x00000000f6d00000,0x00000000f6d00000)
  from space 1024K, 99% used [0x00000000f6e00000,0x00000000f6eff220,0x00000000f6f00000)
  to   space 1024K, 0% used [0x00000000f6d00000,0x00000000f6d00000,0x00000000f6e00000)
 ParOldGen       total 22016K, used 4093K [0x00000000e1400000, 0x00000000e2980000, 0x00000000f5c00000)
  object space 22016K, 18% used [0x00000000e1400000,0x00000000e17ff520,0x00000000e2980000)
 Metaspace       used 10109K, capacity 10238K, committed 10496K, reserved 1058816K
  class space    used 1220K, capacity 1280K, committed 1280K, reserved 1048576K
Event: 2,138 GC heap after
Heap after GC invocations=5 (full 0):
 PSYoungGen      total 18432K, used 992K [0x00000000f5c00000, 0x00000000f8500000, 0x0000000100000000)
  eden space 17408K, 0% used [0x00000000f5c00000,0x00000000f5c00000,0x00000000f6d00000)
  from space 1024K, 96% used [0x00000000f6d00000,0x00000000f6df8020,0x00000000f6e00000)
  to   space 3584K, 0% used [0x00000000f8180000,0x00000000f8180000,0x00000000f8500000)
 ParOldGen       total 22016K, used 6177K [0x00000000e1400000, 0x00000000e2980000, 0x00000000f5c00000)
  object space 22016K, 28% used [0x00000000e1400000,0x00000000e1a08680,0x00000000e2980000)
 Metaspace       used 10109K, capacity 10238K, committed 10496K, reserved 1058816K
  class space    used 1220K, capacity 1280K, committed 1280K, reserved 1048576K
}
Event: 2,623 GC heap before
{Heap before GC invocations=6 (full 0):
 PSYoungGen      total 18432K, used 18400K [0x00000000f5c00000, 0x00000000f8500000, 0x0000000100000000)
  eden space 17408K, 100% used [0x00000000f5c00000,0x00000000f6d00000,0x00000000f6d00000)
  from space 1024K, 96% used [0x00000000f6d00000,0x00000000f6df8020,0x00000000f6e00000)
  to   space 3584K, 0% used [0x00000000f8180000,0x00000000f8180000,0x00000000f8500000)
 ParOldGen       total 22016K, used 6177K [0x00000000e1400000, 0x00000000e2980000, 0x00000000f5c00000)
  object space 22016K, 28% used [0x00000000e1400000,0x00000000e1a08680,0x00000000e2980000)
 Metaspace       used 11853K, capacity 12116K, committed 12416K, reserved 1060864K
  class space    used 1458K, capacity 1545K, committed 1664K, reserved 1048576K
Event: 2,630 GC heap after
Heap after GC invocations=6 (full 0):
 PSYoungGen      total 37888K, used 3343K [0x00000000f5c00000, 0x00000000f8600000, 0x0000000100000000)
  eden space 34304K, 0% used [0x00000000f5c00000,0x00000000f5c00000,0x00000000f7d80000)
  from space 3584K, 93% used [0x00000000f8180000,0x00000000f84c3e50,0x00000000f8500000)
  to   space 4096K, 0% used [0x00000000f7d80000,0x00000000f7d80000,0x00000000f8180000)
 ParOldGen       total 22016K, used 6177K [0x00000000e1400000, 0x00000000e2980000, 0x00000000f5c00000)
  object space 22016K, 28% used [0x00000000e1400000,0x00000000e1a08680,0x00000000e2980000)
 Metaspace       used 11853K, capacity 12116K, committed 12416K, reserved 1060864K
  class space    used 1458K, capacity 1545K, committed 1664K, reserved 1048576K
}
Event: 4,221 GC heap before
{Heap before GC invocations=7 (full 0):
 PSYoungGen      total 37888K, used 37647K [0x00000000f5c00000, 0x00000000f8600000, 0x0000000100000000)
  eden space 34304K, 100% used [0x00000000f5c00000,0x00000000f7d80000,0x00000000f7d80000)
  from space 3584K, 93% used [0x00000000f8180000,0x00000000f84c3e50,0x00000000f8500000)
  to   space 4096K, 0% used [0x00000000f7d80000,0x00000000f7d80000,0x00000000f8180000)
 ParOldGen       total 22016K, used 6177K [0x00000000e1400000, 0x00000000e2980000, 0x00000000f5c00000)
  object space 22016K, 28% used [0x00000000e1400000,0x00000000e1a08680,0x00000000e2980000)
 Metaspace       used 15373K, capacity 15652K, committed 15872K, reserved 1062912K
  class space    used 1891K, capacity 2005K, committed 2048K, reserved 1048576K
Event: 4,251 GC heap after
Heap after GC invocations=7 (full 0):
 PSYoungGen      total 38400K, used 4084K [0x00000000f5c00000, 0x00000000faa00000, 0x0000000100000000)
  eden space 34304K, 0% used [0x00000000f5c00000,0x00000000f5c00000,0x00000000f7d80000)
  from space 4096K, 99% used [0x00000000f7d80000,0x00000000f817d018,0x00000000f8180000)
  to   space 5632K, 0% used [0x00000000fa480000,0x00000000fa480000,0x00000000faa00000)
 ParOldGen       total 22016K, used 8156K [0x00000000e1400000, 0x00000000e2980000, 0x00000000f5c00000)
  object space 22016K, 37% used [0x00000000e1400000,0x00000000e1bf7150,0x00000000e2980000)
 Metaspace       used 15373K, capacity 15652K, committed 15872K, reserved 1062912K
  class space    used 1891K, capacity 2005K, committed 2048K, reserved 1048576K
}
Event: 6,416 GC heap before
{Heap before GC invocations=8 (full 0):
 PSYoungGen      total 38400K, used 38388K [0x00000000f5c00000, 0x00000000faa00000, 0x0000000100000000)
  eden space 34304K, 100% used [0x00000000f5c00000,0x00000000f7d80000,0x00000000f7d80000)
  from space 4096K, 99% used [0x00000000f7d80000,0x00000000f817d018,0x00000000f8180000)
  to   space 5632K, 0% used [0x00000000fa480000,0x00000000fa480000,0x00000000faa00000)
 ParOldGen       total 22016K, used 8156K [0x00000000e1400000, 0x00000000e2980000, 0x00000000f5c00000)
  object space 22016K, 37% used [0x00000000e1400000,0x00000000e1bf7150,0x00000000e2980000)
 Metaspace       used 15981K, capacity 16428K, committed 16640K, reserved 1064960K
  class space    used 1929K, capacity 2017K, committed 2048K, reserved 1048576K
Event: 6,435 GC heap after
Heap after GC invocations=8 (full 0):
 PSYoungGen      total 73728K, used 4615K [0x00000000f5c00000, 0x00000000fab00000, 0x0000000100000000)
  eden space 68096K, 0% used [0x00000000f5c00000,0x00000000f5c00000,0x00000000f9e80000)
  from space 5632K, 81% used [0x00000000fa480000,0x00000000fa901d60,0x00000000faa00000)
  to   space 6144K, 0% used [0x00000000f9e80000,0x00000000f9e80000,0x00000000fa480000)
 ParOldGen       total 22016K, used 8380K [0x00000000e1400000, 0x00000000e2980000, 0x00000000f5c00000)
  object space 22016K, 38% used [0x00000000e1400000,0x00000000e1c2f150,0x00000000e2980000)
 Metaspace       used 15981K, capacity 16428K, committed 16640K, reserved 1064960K
  class space    used 1929K, capacity 2017K, committed 2048K, reserved 1048576K
}
Event: 9,334 GC heap before
{Heap before GC invocations=9 (full 0):
 PSYoungGen      total 73728K, used 72688K [0x00000000f5c00000, 0x00000000fab00000, 0x0000000100000000)
  eden space 68096K, 99% used [0x00000000f5c00000,0x00000000f9e7a5b8,0x00000000f9e80000)
  from space 5632K, 81% used [0x00000000fa480000,0x00000000fa901d60,0x00000000faa00000)
  to   space 6144K, 0% used [0x00000000f9e80000,0x00000000f9e80000,0x00000000fa480000)
 ParOldGen       total 22016K, used 8380K [0x00000000e1400000, 0x00000000e2980000, 0x00000000f5c00000)
  object space 22016K, 38% used [0x00000000e1400000,0x00000000e1c2f150,0x00000000e2980000)
 Metaspace       used 20552K, capacity 21016K, committed 21120K, reserved 1067008K
  class space    used 2497K, capacity 2613K, committed 2688K, reserved 1048576K

